{"/Users/e0a04ds/Developer/estudio/JESTCOURSE/src/arrays.js": {"path":"/Users/e0a04ds/Developer/estudio/JESTCOURSE/src/arrays.js","statementMap":{"0":{"start":{"line":3,"column":4},"end":{"line":8,"column":5}},"1":{"start":{"line":12,"column":5},"end":{"line":17,"column":6}},"2":{"start":{"line":20,"column":1},"end":{"line":20,"column":50}}},"fnMap":{"0":{"name":"carsList","decl":{"start":{"line":2,"column":9},"end":{"line":2,"column":17}},"loc":{"start":{"line":2,"column":20},"end":{"line":9,"column":1}},"line":2},"1":{"name":"brandsList","decl":{"start":{"line":11,"column":10},"end":{"line":11,"column":20}},"loc":{"start":{"line":11,"column":23},"end":{"line":18,"column":2}},"line":11}},"branchMap":{},"s":{"0":3,"1":1,"2":1},"f":{"0":3,"1":1},"b":{},"_coverageSchema":"1a1c01bbd47fc00a2c39e90264f33305004495a9","hash":"6d5cf50959277ded6cccf0367291eeef9dac0ab8"}
,"/Users/e0a04ds/Developer/estudio/JESTCOURSE/src/sum.js": {"path":"/Users/e0a04ds/Developer/estudio/JESTCOURSE/src/sum.js","statementMap":{"0":{"start":{"line":2,"column":4},"end":{"line":2,"column":17}},"1":{"start":{"line":4,"column":2},"end":{"line":4,"column":24}}},"fnMap":{"0":{"name":"suma","decl":{"start":{"line":1,"column":9},"end":{"line":1,"column":13}},"loc":{"start":{"line":1,"column":20},"end":{"line":3,"column":3}},"line":1}},"branchMap":{},"s":{"0":2,"1":1},"f":{"0":2},"b":{},"_coverageSchema":"1a1c01bbd47fc00a2c39e90264f33305004495a9","hash":"feea5e235605961a5cfdf0817467e70cbecbbcdd"}
}
